<?xml version="1.0" encoding="UTF-8"?>
<testng-results skipped="0" failed="0" ignored="0" total="2" passed="2">
  <reporter-output>
  </reporter-output>
  <suite name="Default suite" duration-ms="2900" started-at="2024-02-12T01:59:32Z" finished-at="2024-02-12T01:59:35Z">
    <groups>
    </groups>
    <test name="Default test" duration-ms="2900" started-at="2024-02-12T01:59:32Z" finished-at="2024-02-12T01:59:35Z">
      <class name="dataprovider.DataProvider.Login">
        <test-method status="PASS" signature="login(java.lang.String, java.lang.String)[pri:0, instance:dataprovider.DataProvider.Login@1fdc050]" name="login" duration-ms="63" started-at="2024-02-12T01:59:34Z" data-provider="loginData" finished-at="2024-02-12T01:59:34Z">
          <params>
            <param index="0">
              <value>
                <![CDATA[TestUser 1]]>
              </value>
            </param>
            <param index="1">
              <value>
                <![CDATA[12345]]>
              </value>
            </param>
          </params>
          <reporter-output>
          </reporter-output>
        </test-method> <!-- login -->
        <test-method status="PASS" signature="login(java.lang.String, java.lang.String)[pri:0, instance:dataprovider.DataProvider.Login@1fdc050]" name="login" duration-ms="0" started-at="2024-02-12T01:59:35Z" data-provider="loginData" finished-at="2024-02-12T01:59:35Z">
          <params>
            <param index="0">
              <value>
                <![CDATA[TestUser 2]]>
              </value>
            </param>
            <param index="1">
              <value>
                <![CDATA[45678]]>
              </value>
            </param>
          </params>
          <reporter-output>
          </reporter-output>
        </test-method> <!-- login -->
      </class> <!-- dataprovider.DataProvider.Login -->
    </test> <!-- Default test -->
  </suite> <!-- Default suite -->
</testng-results>
